2023-01-12 19:24:51 INFO  Main:8 - new project
2023-01-12 19:25:07 INFO  Main:8 - new project
2023-01-12 19:25:07 ERROR Main:9 - new project
2023-01-12 19:35:58 INFO  Main:8 - new project
2023-01-12 19:35:58 ERROR Main:9 - new project
2023-01-13 15:27:03 INFO  ConnectionPool:41 - Connection number - 1 |  Thread ID -  1
2023-01-13 15:27:03 INFO  Main:19 - 
2023-01-13 15:29:25 INFO  ConnectionPool:41 - Connection number - 1 |  Thread ID -  1
2023-01-13 15:29:25 INFO  Main:19 - 
2023-01-13 15:30:23 INFO  ConnectionPool:41 - Connection number - 1 |  Thread ID -  1
2023-01-13 15:30:23 INFO  ConnectionPool:41 - Connection number - 1 |  Thread ID -  1
2023-01-13 15:30:23 INFO  Main:19 - 
2023-01-13 15:32:17 INFO  ConnectionPool:41 - Connection number - 1 |  Thread ID -  1
2023-01-13 15:32:18 INFO  Main:20 - 
2023-01-13 15:32:38 INFO  ConnectionPool:41 - Connection number - 1 |  Thread ID -  1
2023-01-13 15:32:38 INFO  ConnectionPool:41 - Connection number - 1 |  Thread ID -  1
2023-01-13 15:32:38 INFO  Main:18 - Persons{id=null, firstName='Larissa', lastName='null', passportNumber=null, email='null', addressId=null}
2023-01-13 15:33:31 INFO  ConnectionPool:41 - Connection number - 1 |  Thread ID -  1
2023-01-13 15:33:32 INFO  ConnectionPool:41 - Connection number - 1 |  Thread ID -  1
2023-01-13 15:33:32 INFO  Main:18 - Larissa
2023-01-13 15:34:24 INFO  ConnectionPool:41 - Connection number - 1 |  Thread ID -  1
2023-01-13 15:34:25 INFO  ConnectionPool:41 - Connection number - 1 |  Thread ID -  1
2023-01-13 15:34:25 INFO  Main:18 - Larissa
2023-01-13 15:34:58 INFO  Main:18 - Larissa
2023-01-13 15:38:38 INFO  Main:18 - Persons{id=1, firstName='Larissa', lastName='Langosh', passportNumber=195969, email='email1@gmail.com', addressId=4}
2023-01-13 15:39:41 INFO  Main:19 - 
2023-01-13 15:40:37 INFO  Main:18 - Persons{id=1, firstName='Larissa', lastName='Langosh', passportNumber=195969, email='email1@gmail.com', addressId=4}
2023-01-13 15:44:26 INFO  Main:18 - Langosh
2023-01-13 18:12:42 INFO  Main:18 - Persons{id=1, firstName='Larissa', lastName='Langosh', passportNumber=195969, email='email1@gmail.com', addressId=4}
2023-01-13 19:28:14 INFO  Main:18 - Persons{id=1, firstName='Larissa', lastName='Langosh', passportNumber=195969, email='email1@gmail.com', addressId=4}
2023-01-13 19:29:04 INFO  Main:18 - Langosh
2023-01-13 19:29:24 INFO  Main:18 - Persons{id=1, firstName='Larissa', lastName='Langosh', passportNumber=195969, email='email1@gmail.com', addressId=4}
2023-01-13 19:55:49 INFO  Main:18 - Persons{id=1, firstName='Larissa', lastName='Langosh', passportNumber=195969, email='email1@gmail.com', addressId=null}
2023-01-13 20:31:11 INFO  Main:18 - 4
2023-01-13 20:32:07 INFO  Main:18 - Persons{id=1, firstName='Larissa', lastName='Langosh', passportNumber=195969, email='email1@gmail.com', addressId=4}
2023-01-13 20:34:03 INFO  Main:18 - Persons{id=1, firstName='Larissa', lastName='Langosh', passportNumber=195969, email='email1@gmail.com', addressId=4}
2023-01-14 09:59:09 INFO  Main:18 - Persons{id=1, firstName='Larissa', lastName='Langosh', passportNumber=195969, email='email1@gmail.com', addressId=4}
2023-01-14 10:31:52 INFO  Main:18 - Persons{id=1, firstName='Larissa', lastName='Langosh', passportNumber=195969, email='email1@gmail.com', addressId=4}
2023-01-14 11:05:44 INFO  Main:18 - Persons{id=1, firstName='Larissa', lastName='Langosh', passportNumber=195969, email='email1@gmail.com', addressId=4}
2023-01-14 11:07:07 INFO  Main:18 - Persons{id=1, firstName='Larissa', lastName='Langosh', passportNumber=195969, email='email1@gmail.com', addressId=4}
2023-01-14 13:19:28 INFO  Main:22 - address{id=1, country='Ukraine', city='Kyiv', homeAddress='street 1, ap 23', postalCode=1033, phoneNumber=null}
2023-01-14 13:21:05 INFO  Main:22 - address{id=1, country='Ukraine', city='Kyiv', homeAddress='street 1, ap 23', postalCode=1033, phoneNumber=null}
2023-01-14 13:22:08 INFO  Main:22 - address{id=1, country='Ukraine', city='Kyiv', homeAddress='street 1, ap 23', postalCode=1033, phoneNumber=380963456782}
2023-01-14 13:27:28 INFO  Main:19 - Persons{id=1, firstName='Larissa', lastName='Langosh', passportNumber=195969, email='email1@gmail.com', addressId=null}
2023-01-14 13:28:30 INFO  Main:19 - Persons{id=1, firstName='Larissa', lastName='Langosh', passportNumber=195969, email='email1@gmail.com', addressId=null}
2023-01-14 13:32:14 INFO  Main:19 - Persons{id=1, firstName='Larissa', lastName='Langosh', passportNumber=195969, email='email1@gmail.com', addressId=null}
2023-01-14 13:41:45 INFO  Main:19 - Persons{id=1, firstName='Larissa', lastName='Langosh', passportNumber=195969, email='email1@gmail.com', addressId=address{id=4, country='Poland', city='Warsaw', homeAddress='street 78, ap 4/21', postalCode=23597, phoneNumber=482293252323}}
2023-01-14 13:44:24 INFO  Main:19 - Persons{id=1, firstName='Larissa', lastName='Langosh', passportNumber=195969, email='email1@gmail.com', addressId=address{id=4, country='Poland', city='Warsaw', homeAddress='street 78, ap 4/21', postalCode=23597, phoneNumber=482293252323}}
2023-01-14 13:45:17 INFO  Main:19 - Warsaw
2023-01-14 13:54:44 INFO  Main:19 - Warsaw
2023-01-14 15:35:21 INFO  Main:19 - Warsaw
2023-01-14 15:54:23 INFO  Main:19 - Warsaw
2023-01-14 16:05:22 INFO  Main:19 - Warsaw
2023-01-14 17:19:59 INFO  Main:19 - Persons{id=1, firstName='Larissa', lastName='Langosh', passportNumber=195969, email='email1@gmail.com', addressId=address{id=4, country='Poland', city='Warsaw', homeAddress='street 78, ap 4/21', postalCode=23597, phoneNumber=482293252323}}
2023-01-14 18:01:56 INFO  Main:20 - Persons{id=1, firstName='Larissa', lastName='Langosh', passportNumber=195969, email='email1@gmail.com', addressId=address{id=4, country='Poland', city='Warsaw', homeAddress='street 78, ap 4/21', postalCode=23597, phoneNumber=482293252323}}
2023-01-14 18:12:30 INFO  Main:25 - Persons{id=1, firstName='Larissa', lastName='Langosh', passportNumber=195969, email='emailLarissa@gmail.com', addressId=address{id=4, country='Poland', city='Warsaw', homeAddress='street 78, ap 4/21', postalCode=23597, phoneNumber=482293252323}}
2023-01-14 18:13:05 INFO  Main:25 - Persons{id=1, firstName='Larissa', lastName='Langosh', passportNumber=195969, email='email1@gmail.com', addressId=address{id=4, country='Poland', city='Warsaw', homeAddress='street 78, ap 4/21', postalCode=23597, phoneNumber=482293252323}}
2023-01-14 18:17:02 INFO  Main:25 - Persons{id=1, firstName='Larissa', lastName='Langosh', passportNumber=195969, email='emailLarissa@gmail.com', addressId=address{id=4, country='Poland', city='Warsaw', homeAddress='street 78, ap 4/21', postalCode=23597, phoneNumber=482293252323}}
2023-01-14 18:29:43 INFO  Main:25 - Persons{id=1, firstName='Larissa', lastName='Langosh', passportNumber=195969, email='emailLarissa@gmail.com', addressId=address{id=4, country='Poland', city='Warsaw', homeAddress='street 78, ap 4/21', postalCode=23597, phoneNumber=482293252323}}
2023-01-14 18:30:59 INFO  Main:25 - email1@gmail.com
2023-01-14 18:32:50 INFO  Main:25 - Persons{id=1, firstName='Larissa', lastName='Langosh', passportNumber=195969, email='email1@gmail.com', addressId=address{id=4, country='Poland', city='Warsaw', homeAddress='street 78, ap 4/21', postalCode=23597, phoneNumber=482293252323}}
2023-01-14 18:59:32 INFO  Main:23 - Persons{id=1, firstName='Larissa', lastName='Langosh', passportNumber=195969, email='emailLarissa@gmail.com', addressId=address{id=4, country='Poland', city='Warsaw', homeAddress='street 78, ap 4/21', postalCode=23597, phoneNumber=482293252323}}
2023-01-14 19:00:06 INFO  Main:23 - Persons{id=1, firstName='Larissa', lastName='Langosh', passportNumber=195969, email='emailLarissa@gmail.com', addressId=address{id=1, country='Poland', city='Warsaw', homeAddress='street 78, ap 4/21', postalCode=23597, phoneNumber=482293252323}}
2023-01-14 19:00:31 INFO  Main:23 - Persons{id=1, firstName='Larissa', lastName='Langosh', passportNumber=195969, email='emailLarissa@gmail.com', addressId=address{id=4, country='Ukraine', city='Kyiv', homeAddress='street 1, ap 23', postalCode=1033, phoneNumber=380963456782}}
2023-01-14 19:56:55 INFO  Main:19 - Persons{id=1, firstName='Larissa', lastName='Langosh', passportNumber=195969, email='emailLarissa@gmail.com', addressId=address{id=4, country='Poland', city='Warsaw', homeAddress='street 78, ap 4/21', postalCode=23597, phoneNumber=482293252323}}
2023-01-14 20:33:13 INFO  Main:48 - Persons{id=null, firstName='Michael', lastName='Khadzhynov', passportNumber=123456, email='myEmail@gmail.com', addressId=address{id=1, country='null', city='null', homeAddress='null', postalCode=null, phoneNumber=null}}
2023-01-14 20:35:20 INFO  Main:48 - Persons{id=23, firstName='Michael', lastName='Khadzhynov', passportNumber=123456, email='myEmail@gmail.com', addressId=address{id=1, country='null', city='null', homeAddress='null', postalCode=null, phoneNumber=null}}
2023-01-15 12:26:02 INFO  Main:49 - Persons{id=25, firstName='Michael', lastName='Khadzhynov', passportNumber=123456, email='myEmail@gmail.com', addressId=address{id=1, country='null', city='null', homeAddress='null', postalCode=null, phoneNumber=null}}
2023-01-15 12:26:57 INFO  Main:49 - 26
2023-01-15 12:27:25 INFO  Main:49 - 
2023-01-15 12:29:10 INFO  Main:49 - 28
2023-01-15 19:26:38 INFO  Main:16 - AccountDetails{id=1, iban=3632857917094142997, bankId=null}
2023-01-15 19:31:01 INFO  Main:16 - AccountDetails{id=1, iban=3632857917094142997, bankId=null}
2023-01-15 19:44:34 INFO  Main:17 - AccountDetails{id=1, iban=3632857917094142997, bankId=null}
2023-01-15 19:45:01 INFO  Main:17 - AccountDetails{id=1, iban=3632857917094142997, bankId=null}
2023-01-15 19:45:13 INFO  Main:17 - AccountDetails{id=1, iban=3632857917094142997, bankId=null}
2023-01-15 19:48:43 INFO  Main:17 - AccountDetails{id=1, iban=3632857917094142997, bankId=null}
2023-01-15 19:50:11 INFO  Main:17 - AccountDetails{id=1, iban=3632857917094142997, bankId=null}
2023-01-15 19:50:47 INFO  Main:17 - AccountDetails{id=11, iban=123, bankId=null}
2023-01-15 19:52:06 INFO  Main:17 - AccountDetails{id=11, iban=123, bankId=null}
2023-01-15 19:52:13 INFO  Main:17 - AccountDetails{id=null, iban=null, bankId=null}
2023-01-15 20:18:49 INFO  Main:16 - BankAccount{id=1, accountNumber=null, balance=null, accountType='null', accountDetailsId=null}
2023-01-15 20:19:22 INFO  Main:16 - BankAccount{id=1, accountNumber=null, balance=null, accountType='null', accountDetailsId=null}
2023-01-15 20:19:59 INFO  Main:16 - BankAccount{id=1, accountNumber=null, balance=null, accountType='null', accountDetailsId=null}
2023-01-15 20:25:19 INFO  Main:16 - BankAccount{id=1, accountNumber=null, balance=null, accountType='null', accountDetailsId=null}
2023-01-15 20:26:12 INFO  Main:16 - BankAccount{id=1, accountNumber=645325634754, balance=8020, accountType='personal', accountDetailsId=AccountDetails{id=1, iban=3632857917094142997, bankId=null}}
2023-01-15 21:04:35 INFO  Main:15 - Bank{id=1, bankNumber=1, addressId=address{id=2, country='Ukraine', city='Lviv', homeAddress='street 2, ap 22', postalCode=79007, phoneNumber=380963356350}}
2023-01-15 21:05:33 INFO  Main:51 - AccountDetails{id=4, iban=5585237472192624379, bankId=Bank{id=2, bankNumber=2, addressId=address{id=1, country='Ukraine', city='Kyiv', homeAddress='street 1, ap 23', postalCode=1033, phoneNumber=380963456782}}}
2023-01-15 21:06:04 INFO  Main:51 - Kyiv
2023-01-16 12:52:25 INFO  Main:21 - CashTransactionDepartment{id=1, cashIn=1000, cashOut=800, employeeId=null}
2023-01-16 13:11:58 INFO  Main:19 - Employees{id=1, bankId=Bank{id=1, bankNumber=1, addressId=address{id=2, country='Ukraine', city='Lviv', homeAddress='street 2, ap 22', postalCode=79007, phoneNumber=380963356350}}, personId=Persons{id=2, firstName='Vickie', lastName='Champlin', passportNumber=565189, email='emailVickie@gmail.com', addressId=address{id=7, country='Poland', city='Warsaw', homeAddress='street 63, ap 85/12', postalCode=23565, phoneNumber=482245678234}}, position='Сashier', department='Cash transactions', jobExperience='Height', education='Bachelor', salary='500'}
2023-01-16 13:13:09 INFO  Main:19 - Vickie
2023-01-16 13:50:30 INFO  Main:14 - Clients{id=2, personId=Persons{id=3, firstName='Brannon', lastName='Wisozk', passportNumber=758424, email='emailBrannon@gmail.com', addressId=address{id=9, country='Ukraine', city='Kyiv', homeAddress='street 5, ap 15/64', postalCode=1043, phoneNumber=380963463456}}, clientType='Legal entity'}
